2024-03-15 06:48:56,285 [INFO] Activator:176 - 


2024-03-15 06:48:56,299 [INFO] Activator:177 - !SESSION log4j initialized
2024-03-15 06:49:13,861 [INFO] LogOutputStream:77 - [STDOUT_REDIRECT] 
2024-03-15 06:49:18,635 [INFO] ApplicationProperties:184 - Using Application install path: C:\ST\STM32CubeIDE_1.13.0\STM32CubeIDE\plugins\com.st.stm32cube.common.mx_6.9.0.202307051724
2024-03-15 06:49:18,707 [INFO] DbMcusXml:78 - Set database path to: C:\ST\STM32CubeIDE_1.13.0\STM32CubeIDE\plugins\com.st.stm32cube.common.mx_6.9.0.202307051724\\db\/mcu/
2024-03-15 06:49:18,708 [INFO] ApiDb:274 - Set plugin database path to: C:\ST\STM32CubeIDE_1.13.0\STM32CubeIDE\plugins\com.st.stm32cube.common.mx_6.9.0.202307051724\\db\/plugins/boardmanager/
2024-03-15 06:49:18,709 [WARN] ApiDb:259 - Overriding images path with different value:  => C:\ST\STM32CubeIDE_1.13.0\STM32CubeIDE\plugins\com.st.stm32cube.common.mx_6.9.0.202307051724\\db\/plugins/mcufinder/images/
2024-03-15 06:49:18,821 [INFO] ApiDb:250 - Set database path to: C:\Users\basma wasfy\.stmcufinder\plugins\mcufinder//mcu/
2024-03-15 06:49:18,825 [INFO] DbMcusAds:125 - Set database path to: C:\Users\basma wasfy\.stmcufinder\plugins\mcufinder//mcu/
2024-03-15 06:49:18,831 [INFO] CrossReferenceDbSqlite:203 - Set database path to: C:\Users\basma wasfy\.stmcufinder\plugins\mcufinder//mcu/cs/
2024-03-15 06:49:19,269 [INFO] RulesReader:64 - Compatibility file has been processed (293 Rules)
2024-03-15 06:49:19,645 [INFO] DbMcusXml:78 - Set database path to: C:\ST\STM32CubeIDE_1.13.0\STM32CubeIDE\plugins\com.st.stm32cube.common.mx_6.9.0.202307051724\\db\/mcu/
2024-03-15 06:49:19,646 [INFO] ApiDb:274 - Set plugin database path to: C:\ST\STM32CubeIDE_1.13.0\STM32CubeIDE\plugins\com.st.stm32cube.common.mx_6.9.0.202307051724\\db\/plugins/boardmanager/
2024-03-15 06:49:19,646 [INFO] ApiDb:261 - Set plugin images path to: C:\ST\STM32CubeIDE_1.13.0\STM32CubeIDE\plugins\com.st.stm32cube.common.mx_6.9.0.202307051724\\db\/plugins/mcufinder/images/
2024-03-15 06:49:19,647 [WARN] DbFile:41 - Overriding database path with different value: C:\Users\basma wasfy\.stmcufinder\plugins\mcufinder/ => C:\Users\basma wasfy\.stmcufinder\plugins\mcufinder
2024-03-15 06:49:19,648 [INFO] ApiDb:250 - Set database path to: C:\Users\basma wasfy\.stmcufinder\plugins\mcufinder//mcu/
2024-03-15 06:49:19,648 [WARN] DbFile:41 - Overriding database path with different value: C:\Users\basma wasfy\.stmcufinder\plugins\mcufinder/ => C:\Users\basma wasfy\.stmcufinder\plugins\mcufinder
2024-03-15 06:49:19,648 [INFO] DbMcusAds:125 - Set database path to: C:\Users\basma wasfy\.stmcufinder\plugins\mcufinder//mcu/
2024-03-15 06:49:19,649 [WARN] DbFile:41 - Overriding database path with different value: C:\Users\basma wasfy\.stmcufinder\plugins\mcufinder/ => C:\Users\basma wasfy\.stmcufinder\plugins\mcufinder
2024-03-15 06:49:19,649 [WARN] DbFile:41 - Overriding database path with different value: C:\Users\basma wasfy\.stmcufinder\plugins\mcufinder/ => C:\Users\basma wasfy\.stmcufinder\plugins\mcufinder
2024-03-15 06:49:19,650 [INFO] CrossReferenceDbSqlite:203 - Set database path to: C:\Users\basma wasfy\.stmcufinder\plugins\mcufinder//mcu/cs/
2024-03-15 06:49:20,000 [INFO] MainPanel:262 - HeapMemory: 268435456
2024-03-15 06:49:20,368 [INFO] DbMcusXml:78 - Set database path to: C:\ST\STM32CubeIDE_1.13.0\STM32CubeIDE\plugins\com.st.stm32cube.common.mx_6.9.0.202307051724\\db\/mcu/
2024-03-15 06:49:20,368 [INFO] ApiDb:274 - Set plugin database path to: C:\ST\STM32CubeIDE_1.13.0\STM32CubeIDE\plugins\com.st.stm32cube.common.mx_6.9.0.202307051724\\db\/plugins/boardmanager/
2024-03-15 06:49:20,369 [INFO] ApiDb:261 - Set plugin images path to: C:\ST\STM32CubeIDE_1.13.0\STM32CubeIDE\plugins\com.st.stm32cube.common.mx_6.9.0.202307051724\\db\/plugins/mcufinder/images/
2024-03-15 06:49:20,370 [WARN] DbFile:41 - Overriding database path with different value: C:\Users\basma wasfy\.stmcufinder\plugins\mcufinder/ => C:\Users\basma wasfy\.stmcufinder\plugins\mcufinder
2024-03-15 06:49:20,370 [INFO] ApiDb:250 - Set database path to: C:\Users\basma wasfy\.stmcufinder\plugins\mcufinder//mcu/
2024-03-15 06:49:20,372 [WARN] DbFile:41 - Overriding database path with different value: C:\Users\basma wasfy\.stmcufinder\plugins\mcufinder/ => C:\Users\basma wasfy\.stmcufinder\plugins\mcufinder
2024-03-15 06:49:20,372 [INFO] DbMcusAds:125 - Set database path to: C:\Users\basma wasfy\.stmcufinder\plugins\mcufinder//mcu/
2024-03-15 06:49:20,372 [WARN] DbFile:41 - Overriding database path with different value: C:\Users\basma wasfy\.stmcufinder\plugins\mcufinder/ => C:\Users\basma wasfy\.stmcufinder\plugins\mcufinder
2024-03-15 06:49:20,373 [WARN] DbFile:41 - Overriding database path with different value: C:\Users\basma wasfy\.stmcufinder\plugins\mcufinder/ => C:\Users\basma wasfy\.stmcufinder\plugins\mcufinder
2024-03-15 06:49:20,373 [INFO] CrossReferenceDbSqlite:203 - Set database path to: C:\Users\basma wasfy\.stmcufinder\plugins\mcufinder//mcu/cs/
2024-03-15 06:49:20,470 [INFO] ApplicationProperties:184 - Using Application install path: C:\ST\STM32CubeIDE_1.13.0\STM32CubeIDE\plugins\com.st.stm32cube.common.mx_6.9.0.202307051724
2024-03-15 06:49:20,474 [INFO] PluginManage:196 - Search for loadable plugins [exclusion list=, ]
2024-03-15 06:49:20,478 [INFO] PluginManage:310 - Check plugin analytics
2024-03-15 06:49:21,238 [INFO] AnalyticsPlugin:253 - Accepted Software Licenses: 
2024-03-15 06:49:21,238 [INFO] AnalyticsPlugin:255 - Accepted CMSIS Pack Licenses: 
2024-03-15 06:49:21,239 [INFO] AnalyticsPlugin:257 - Accepted Firmware Licenses: 
2024-03-15 06:49:21,246 [INFO] PluginManage:359 - Loaded plugin analytics (category:tool,tabindex:-1)
2024-03-15 06:49:21,247 [INFO] PluginManage:310 - Check plugin cadmodel
2024-03-15 06:49:21,261 [INFO] CADModel:105 - Init CAD model plugin
2024-03-15 06:49:21,261 [INFO] PluginManage:359 - Loaded plugin cadmodel (category:power,tabindex:5)
2024-03-15 06:49:21,262 [INFO] PluginManage:310 - Check plugin clock
2024-03-15 06:49:21,290 [INFO] PluginManage:359 - Loaded plugin clock (category:base,tabindex:2)
2024-03-15 06:49:21,291 [INFO] PluginManage:310 - Check plugin ddr
2024-03-15 06:49:21,297 [INFO] PluginManage:359 - Loaded plugin ddr (category:tool,tabindex:6)
2024-03-15 06:49:21,298 [INFO] PluginManage:310 - Check plugin filemanager
2024-03-15 06:49:21,832 [INFO] PluginManage:359 - Loaded plugin filemanager (category:base,tabindex:10)
2024-03-15 06:49:21,833 [INFO] PluginManage:310 - Check plugin ipmanager
2024-03-15 06:49:21,860 [INFO] PluginManage:359 - Loaded plugin ipmanager (category:base,tabindex:5)
2024-03-15 06:49:21,860 [INFO] PluginManage:310 - Check plugin lpbam
2024-03-15 06:49:21,887 [INFO] PluginManage:359 - Loaded plugin lpbam (category:base,tabindex:0)
2024-03-15 06:49:21,888 [INFO] PluginManage:310 - Check plugin memorymap
2024-03-15 06:49:21,930 [INFO] PluginManage:359 - Loaded plugin memorymap (category:base,tabindex:4)
2024-03-15 06:49:21,931 [INFO] PluginManage:310 - Check plugin pinoutandconfiguration
2024-03-15 06:49:21,962 [INFO] PluginManage:359 - Loaded plugin pinoutandconfiguration (category:base,tabindex:1)
2024-03-15 06:49:21,962 [INFO] PluginManage:310 - Check plugin pinoutconfig
2024-03-15 06:49:22,369 [WARN] SupportedApi:132 - Cannot load RTOS API schema: s4s-elt-must-match.1: The content of 'definitions' must match (annotation?, (simpleType | complexType)?, (unique | key | keyref)*)). A problem was found starting at: attribute.
2024-03-15 06:49:22,840 [INFO] PluginManage:359 - Loaded plugin pinoutconfig (category:base,tabindex:0)
2024-03-15 06:49:22,840 [INFO] PluginManage:310 - Check plugin power
2024-03-15 06:49:22,878 [INFO] PluginManage:359 - Loaded plugin power (category:power,tabindex:4)
2024-03-15 06:49:22,878 [INFO] PluginManage:310 - Check plugin projectmanager
2024-03-15 06:49:22,919 [INFO] PluginManage:359 - Loaded plugin projectmanager (category:projectmanager,tabindex:3)
2024-03-15 06:49:22,919 [INFO] PluginManage:310 - Check plugin thirdparty
2024-03-15 06:49:23,348 [INFO] PluginManage:359 - Loaded plugin thirdparty (category:base,tabindex:-1)
2024-03-15 06:49:23,348 [INFO] PluginManage:310 - Check plugin tools
2024-03-15 06:49:23,364 [INFO] PluginManage:359 - Loaded plugin tools (category:base,tabindex:7)
2024-03-15 06:49:23,364 [INFO] PluginManage:310 - Check plugin tutovideos
2024-03-15 06:49:23,364 [WARN] IntegrityCheckThread:84 - waiting for thirdparty lock release [integrity check]
2024-03-15 06:49:23,379 [INFO] IntegrityCheckThread:86 - entering critical section [integrity check]
2024-03-15 06:49:23,379 [INFO] ThirdPartyUpdaterWithRetryManager:70 - Updater plugin not ready yet. [1/15]
2024-03-15 06:49:23,961 [INFO] PluginManage:359 - Loaded plugin tutovideos (category:base,tabindex:-1)
2024-03-15 06:49:23,961 [INFO] PluginManage:310 - Check plugin updater
2024-03-15 06:49:24,009 [INFO] PluginManage:359 - Loaded plugin updater (category:base,tabindex:12)
2024-03-15 06:49:24,009 [INFO] PluginManage:310 - Check plugin userauth
2024-03-15 06:49:24,026 [INFO] UserAuth:113 - Init User Auth plugin
2024-03-15 06:49:24,026 [INFO] PluginManage:359 - Loaded plugin userauth (category:base,tabindex:14)
2024-03-15 06:49:24,026 [INFO] PluginManage:283 - PluginManage : Loaded plugins [17]
2024-03-15 06:49:24,739 [INFO] PinOutPanel:1499 - setPackage(No Configuration,No Configuration)
2024-03-15 06:49:25,098 [INFO] CADModel:165 - CPN selected for project level
2024-03-15 06:49:25,098 [INFO] CADModel:114 - Register for checkConnection events
2024-03-15 06:49:25,161 [INFO] IPUIPlugin:80 - create IPUIPlugin
2024-03-15 06:49:25,161 [INFO] PluginManager:220 - loadIPPluginJar : add adc
2024-03-15 06:49:25,161 [INFO] IPUIPlugin:80 - create IPUIPlugin
2024-03-15 06:49:25,161 [INFO] PluginManager:220 - loadIPPluginJar : add aes
2024-03-15 06:49:25,177 [INFO] IPUIPlugin:80 - create IPUIPlugin
2024-03-15 06:49:25,177 [INFO] PluginManager:220 - loadIPPluginJar : add can
2024-03-15 06:49:25,183 [INFO] IPUIPlugin:80 - create IPUIPlugin
2024-03-15 06:49:25,183 [INFO] PluginManager:220 - loadIPPluginJar : add comp
2024-03-15 06:49:25,192 [INFO] IPUIPlugin:80 - create IPUIPlugin
2024-03-15 06:49:25,192 [INFO] PluginManager:220 - loadIPPluginJar : add cryp
2024-03-15 06:49:25,208 [INFO] IPUIPlugin:80 - create IPUIPlugin
2024-03-15 06:49:25,208 [INFO] PluginManager:220 - loadIPPluginJar : add dfsdm
2024-03-15 06:49:25,227 [INFO] IPUIPlugin:80 - create IPUIPlugin
2024-03-15 06:49:25,232 [INFO] PluginManager:220 - loadIPPluginJar : add dma
2024-03-15 06:49:25,240 [INFO] IPUIPlugin:80 - create IPUIPlugin
2024-03-15 06:49:25,240 [INFO] PluginManager:220 - loadIPPluginJar : add dma3
2024-03-15 06:49:25,248 [INFO] IPUIPlugin:80 - create IPUIPlugin
2024-03-15 06:49:25,248 [INFO] PluginManager:220 - loadIPPluginJar : add fatfs
2024-03-15 06:49:25,256 [INFO] IPUIPlugin:80 - create IPUIPlugin
2024-03-15 06:49:25,256 [INFO] PluginManager:220 - loadIPPluginJar : add fmc
2024-03-15 06:49:25,271 [INFO] IPUIPlugin:80 - create IPUIPlugin
2024-03-15 06:49:25,271 [INFO] PluginManager:220 - loadIPPluginJar : add freertos
2024-03-15 06:49:25,287 [INFO] IPUIPlugin:80 - create IPUIPlugin
2024-03-15 06:49:25,287 [INFO] PluginManager:220 - loadIPPluginJar : add genericplugin
2024-03-15 06:49:25,296 [INFO] IPUIPlugin:80 - create IPUIPlugin
2024-03-15 06:49:25,296 [INFO] PluginManager:220 - loadIPPluginJar : add gfxmmu
2024-03-15 06:49:25,314 [INFO] IPUIPlugin:80 - create IPUIPlugin
2024-03-15 06:49:25,314 [INFO] PluginManager:220 - loadIPPluginJar : add gic
2024-03-15 06:49:25,334 [INFO] IPUIPlugin:80 - create IPUIPlugin
2024-03-15 06:49:25,334 [INFO] PluginManager:220 - loadIPPluginJar : add gpio
2024-03-15 06:49:25,334 [INFO] IPUIPlugin:80 - create IPUIPlugin
2024-03-15 06:49:25,334 [INFO] PluginManager:220 - loadIPPluginJar : add gtzc
2024-03-15 06:49:25,350 [INFO] IPUIPlugin:80 - create IPUIPlugin
2024-03-15 06:49:25,350 [INFO] PluginManager:220 - loadIPPluginJar : add hash
2024-03-15 06:49:25,366 [INFO] IPUIPlugin:80 - create IPUIPlugin
2024-03-15 06:49:25,366 [INFO] PluginManager:220 - loadIPPluginJar : add i2c
2024-03-15 06:49:25,366 [INFO] IPUIPlugin:80 - create IPUIPlugin
2024-03-15 06:49:25,366 [INFO] PluginManager:220 - loadIPPluginJar : add i2s
2024-03-15 06:49:25,383 [INFO] IPUIPlugin:80 - create IPUIPlugin
2024-03-15 06:49:25,383 [INFO] PluginManager:220 - loadIPPluginJar : add i3c
2024-03-15 06:49:25,383 [INFO] IPUIPlugin:80 - create IPUIPlugin
2024-03-15 06:49:25,383 [INFO] PluginManager:220 - loadIPPluginJar : add ipddr
2024-03-15 06:49:25,415 [INFO] IPUIPlugin:80 - create IPUIPlugin
2024-03-15 06:49:25,415 [INFO] PluginManager:220 - loadIPPluginJar : add linkedlist
2024-03-15 06:49:25,430 [INFO] IPUIPlugin:80 - create IPUIPlugin
2024-03-15 06:49:25,430 [INFO] PluginManager:220 - loadIPPluginJar : add lorawan
2024-03-15 06:49:25,430 [INFO] IPUIPlugin:80 - create IPUIPlugin
2024-03-15 06:49:25,430 [INFO] PluginManager:220 - loadIPPluginJar : add ltdc
2024-03-15 06:49:25,477 [INFO] IPUIPlugin:80 - create IPUIPlugin
2024-03-15 06:49:25,477 [INFO] PluginManager:220 - loadIPPluginJar : add mdma
2024-03-15 06:49:25,493 [INFO] IPUIPlugin:80 - create IPUIPlugin
2024-03-15 06:49:25,493 [INFO] PluginManager:220 - loadIPPluginJar : add nvic
2024-03-15 06:49:25,501 [INFO] IPUIPlugin:80 - create IPUIPlugin
2024-03-15 06:49:25,501 [INFO] PluginManager:220 - loadIPPluginJar : add opamp
2024-03-15 06:49:25,517 [INFO] IPUIPlugin:80 - create IPUIPlugin
2024-03-15 06:49:25,517 [INFO] PluginManager:220 - loadIPPluginJar : add openamp
2024-03-15 06:49:25,525 [INFO] IPUIPlugin:80 - create IPUIPlugin
2024-03-15 06:49:25,525 [INFO] PluginManager:220 - loadIPPluginJar : add pdm2pcm
2024-03-15 06:49:25,541 [INFO] IPUIPlugin:80 - create IPUIPlugin
2024-03-15 06:49:25,556 [INFO] PluginManager:220 - loadIPPluginJar : add plateformsettings
2024-03-15 06:49:25,556 [INFO] IPUIPlugin:80 - create IPUIPlugin
2024-03-15 06:49:25,556 [INFO] PluginManager:220 - loadIPPluginJar : add quadspi
2024-03-15 06:49:25,572 [INFO] IPUIPlugin:80 - create IPUIPlugin
2024-03-15 06:49:25,572 [INFO] PluginManager:220 - loadIPPluginJar : add resmgrutility
2024-03-15 06:49:25,587 [INFO] IPUIPlugin:80 - create IPUIPlugin
2024-03-15 06:49:25,587 [INFO] PluginManager:220 - loadIPPluginJar : add sai
2024-03-15 06:49:25,603 [INFO] IPUIPlugin:80 - create IPUIPlugin
2024-03-15 06:49:25,603 [INFO] PluginManager:220 - loadIPPluginJar : add spi
2024-03-15 06:49:25,619 [INFO] IPUIPlugin:80 - create IPUIPlugin
2024-03-15 06:49:25,619 [INFO] PluginManager:220 - loadIPPluginJar : add stm32_wpan
2024-03-15 06:49:25,634 [INFO] IPUIPlugin:80 - create IPUIPlugin
2024-03-15 06:49:25,634 [INFO] PluginManager:220 - loadIPPluginJar : add tim
2024-03-15 06:49:25,650 [INFO] IPUIPlugin:80 - create IPUIPlugin
2024-03-15 06:49:25,650 [INFO] PluginManager:220 - loadIPPluginJar : add touchsensing
2024-03-15 06:49:25,650 [INFO] IPUIPlugin:80 - create IPUIPlugin
2024-03-15 06:49:25,650 [INFO] PluginManager:220 - loadIPPluginJar : add tracer_emb
2024-03-15 06:49:25,667 [INFO] IPUIPlugin:80 - create IPUIPlugin
2024-03-15 06:49:25,667 [INFO] PluginManager:220 - loadIPPluginJar : add ts
2024-03-15 06:49:25,667 [INFO] IPUIPlugin:80 - create IPUIPlugin
2024-03-15 06:49:25,667 [INFO] PluginManager:220 - loadIPPluginJar : add tsc
2024-03-15 06:49:25,681 [INFO] IPUIPlugin:80 - create IPUIPlugin
2024-03-15 06:49:25,681 [INFO] PluginManager:220 - loadIPPluginJar : add ucpd
2024-03-15 06:49:25,695 [INFO] IPUIPlugin:80 - create IPUIPlugin
2024-03-15 06:49:25,695 [INFO] PluginManager:220 - loadIPPluginJar : add usart
2024-03-15 06:49:25,703 [INFO] IPUIPlugin:80 - create IPUIPlugin
2024-03-15 06:49:25,703 [INFO] PluginManager:220 - loadIPPluginJar : add usbx
2024-03-15 06:49:26,004 [INFO] CADModel:165 - CPN selected for project level
2024-03-15 06:49:26,004 [INFO] CADModel:114 - Register for checkConnection events
2024-03-15 06:49:26,004 [FATAL] Updater:308 - Updater called before beeing initialized
2024-03-15 06:49:26,004 [ERROR] CADModel:125 - Updater not yet initialized, retry later 
2024-03-15 06:49:26,392 [INFO] ThirdPartyUpdaterWithRetryManager:70 - Updater plugin not ready yet. [2/15]
2024-03-15 06:49:26,534 [INFO] CADModel:165 - CPN selected for project level
2024-03-15 06:49:26,534 [INFO] CADModel:114 - Register for checkConnection events
2024-03-15 06:49:26,534 [FATAL] Updater:308 - Updater called before beeing initialized
2024-03-15 06:49:26,534 [ERROR] CADModel:125 - Updater not yet initialized, retry later 
2024-03-15 06:49:26,550 [FATAL] Updater:308 - Updater called before beeing initialized
2024-03-15 06:49:26,886 [FATAL] Updater:308 - Updater called before beeing initialized
2024-03-15 06:49:26,901 [INFO] DbMcusAds:53 - JSON generation date=Wed Nov 29 12:52:27 EET 2023 (1701255147349)
2024-03-15 06:49:26,901 [FATAL] Updater:308 - Updater called before beeing initialized
2024-03-15 06:49:27,041 [WARN] DetailPanel:346 - Failed to get advertising image, set to default
2024-03-15 06:49:27,435 [FATAL] Updater:308 - Updater called before beeing initialized
2024-03-15 06:49:27,451 [FATAL] Updater:308 - Updater called before beeing initialized
2024-03-15 06:49:27,451 [FATAL] Updater:308 - Updater called before beeing initialized
2024-03-15 06:49:27,451 [WARN] DetailPanel:346 - Failed to get advertising image, set to default
2024-03-15 06:49:27,451 [FATAL] Updater:308 - Updater called before beeing initialized
2024-03-15 06:49:27,626 [ERROR] Updater:1120 - MainUpdater not yet initialized. External WinMGr cannot be set.
2024-03-15 06:49:27,640 [INFO] Updater:1056 - Updater Version found : 6.9.0
2024-03-15 06:49:27,688 [INFO] ApplicationProperties:184 - Using Application install path: C:\ST\STM32CubeIDE_1.13.0\STM32CubeIDE\plugins\com.st.stm32cube.common.mx_6.9.0.202307051724
2024-03-15 06:49:28,336 [INFO] MainUpdater:2868 - connection check result : 10
2024-03-15 06:49:28,336 [INFO] MainUpdater:285 - Updater Check For Update Now.
2024-03-15 06:49:28,336 [INFO] MicroXplorer:498 - Change Database Version : DB.6.0.90
2024-03-15 06:49:28,363 [INFO] McuFinderGlobals:63 - Set McuFinder mode to 2 (CubeIDE integrated)
2024-03-15 06:49:28,363 [INFO] UserAuth:179 - activating auth plugin
2024-03-15 06:49:28,368 [INFO] UserAuth:393 - Internet connection configuration mode: 1
2024-03-15 06:49:28,447 [INFO] JxBrowserEngine:151 - Initiate JxBrowser Engine with user profile folder
2024-03-15 06:49:28,811 [INFO] CheckServerUpdateThread:120 - End of CheckServer Thread
2024-03-15 06:49:30,143 [WARN] PackLoader:240 - Cannot read IP mode file for STMicroelectronics.X-CUBE-SMBUS.2.1.0
2024-03-15 06:49:30,340 [WARN] PackLoader:240 - Cannot read IP mode file for STMicroelectronics.X-CUBE-AZRTOS-F7.1.1.0
2024-03-15 06:49:30,387 [WARN] PackLoader:240 - Cannot read IP mode file for STMicroelectronics.FP-SNS-MOTENV1.4.3.2
2024-03-15 06:49:30,481 [WARN] PackLoader:240 - Cannot read IP mode file for STMicroelectronics.X-CUBE-BLE1.6.2.4
2024-03-15 06:49:30,497 [WARN] PackLoader:240 - Cannot read IP mode file for STMicroelectronics.FP-SNS-FLIGHT1.5.0.2
2024-03-15 06:49:30,528 [WARN] PackLoader:240 - Cannot read IP mode file for STMicroelectronics.X-CUBE-DISPLAY.3.0.0
2024-03-15 06:49:30,606 [WARN] PackLoader:240 - Cannot read IP mode file for STMicroelectronics.X-CUBE-BLE1.7.0.0
2024-03-15 06:49:30,622 [WARN] PackLoader:240 - Cannot read IP mode file for emotas.I-CUBE-CANOPEN.1.3.0
2024-03-15 06:49:30,653 [WARN] PackLoader:240 - Cannot read IP mode file for STMicroelectronics.X-CUBE-TOUCHGFX.4.22.0
2024-03-15 06:49:30,669 [WARN] PackLoader:240 - Cannot read IP mode file for STMicroelectronics.FP-SNS-SMARTAG2.1.2.0
2024-03-15 06:49:30,732 [INFO] LogOutputStream:77 - [STDOUT_REDIRECT] 1 : Invalid condition id : UX_CORESTACK_Condition cause : null
2024-03-15 06:49:30,732 [INFO] LogOutputStream:77 - [STDOUT_REDIRECT] 1 : Invalid condition id : UX_CORESTACK_Condition cause : null
2024-03-15 06:49:30,732 [INFO] LogOutputStream:77 - [STDOUT_REDIRECT] 1 : Invalid condition id : UX_CORESTACK_Condition cause : null
2024-03-15 06:49:30,732 [INFO] LogOutputStream:77 - [STDOUT_REDIRECT] 1 : Invalid condition id : UX_CORESTACK_Condition cause : null
2024-03-15 06:49:30,747 [INFO] LogOutputStream:77 - [STDOUT_REDIRECT] 1 : Invalid condition id : UX_CORESTACK_Condition cause : null
2024-03-15 06:49:30,763 [WARN] PackLoader:240 - Cannot read IP mode file for STMicroelectronics.X-CUBE-AZRTOS-WL.2.0.0
2024-03-15 06:49:30,795 [WARN] PackLoader:240 - Cannot read IP mode file for WES.I-CUBE-Cesium.1.3.0
2024-03-15 06:49:30,826 [WARN] PackLoader:240 - Cannot read IP mode file for STMicroelectronics.X-CUBE-BLE2.3.3.0
2024-03-15 06:49:30,858 [WARN] PackLoader:240 - Cannot read IP mode file for STMicroelectronics.X-CUBE-ALGOBUILD.1.3.0
2024-03-15 06:49:30,936 [WARN] PackLoader:240 - Cannot read IP mode file for STMicroelectronics.X-CUBE-AZRTOS-G0.1.1.0
2024-03-15 06:49:30,968 [WARN] PackLoader:240 - Cannot read IP mode file for STMicroelectronics.X-CUBE-NFC4.3.0.0
2024-03-15 06:49:30,999 [WARN] PackLoader:240 - Cannot read IP mode file for STMicroelectronics.FP-ATR-SIGFOX1.3.2.0
2024-03-15 06:49:31,256 [WARN] PackLoader:240 - Cannot read IP mode file for SEGGER.I-CUBE-embOS.1.3.1
2024-03-15 06:49:31,563 [WARN] PackLoader:240 - Cannot read IP mode file for STMicroelectronics.X-CUBE-GNSS1.6.0.0
2024-03-15 06:49:31,662 [WARN] PackLoader:240 - Cannot read IP mode file for STMicroelectronics.X-CUBE-AZRTOS-F4.1.1.0
2024-03-15 06:49:31,694 [WARN] PackLoader:240 - Cannot read IP mode file for wolfSSL.I-CUBE-wolfSSL.5.6.3
2024-03-15 06:49:31,773 [WARN] PackLoader:240 - Cannot read IP mode file for STMicroelectronics.X-CUBE-AZRTOS-L5.2.0.0
2024-03-15 06:49:32,121 [WARN] PackLoader:240 - Cannot read IP mode file for STMicroelectronics.X-CUBE-MEMS1.9.6.0
2024-03-15 06:49:32,210 [INFO] WebApp:157 - Instantiating new browser for Auth
2024-03-15 06:49:32,978 [WARN] PackLoader:240 - Cannot read IP mode file for ITTIA_DB.I-CUBE-ITTIADB.8.8.0
2024-03-15 06:49:33,021 [WARN] PackLoader:240 - Cannot read IP mode file for STMicroelectronics.X-CUBE-BLEMGR.2.0.0
2024-03-15 06:49:33,098 [WARN] ConditionMgr:438 - getConditionDescription Invalid condition id : UX DEVICE CLASS RTOS Condition cause : null
2024-03-15 06:49:33,098 [WARN] ConditionMgr:438 - getConditionDescription Invalid condition id : UX DEVICE CLASS RTOS Condition cause : null
2024-03-15 06:49:33,112 [WARN] PackLoader:240 - Cannot read IP mode file for STMicroelectronics.X-CUBE-AZRTOS-H7.3.1.0
2024-03-15 06:49:33,112 [WARN] ConditionMgr:1039 - genDependencies : Invalid condition id : UX DEVICE CLASS RTOS Condition cause : null
2024-03-15 06:49:33,112 [WARN] ConditionMgr:1039 - genDependencies : Invalid condition id : UX DEVICE CLASS RTOS Condition cause : null
2024-03-15 06:49:33,128 [WARN] ConditionMgr:1039 - genDependencies : Invalid condition id : UX DEVICE CLASS RTOS Condition cause : null
2024-03-15 06:49:33,128 [WARN] ConditionMgr:1039 - genDependencies : Invalid condition id : UX DEVICE CLASS RTOS Condition cause : null
2024-03-15 06:49:33,128 [WARN] ConditionMgr:1039 - genDependencies : Invalid condition id : UX DEVICE CLASS RTOS Condition cause : null
2024-03-15 06:49:33,143 [WARN] PackLoader:240 - Cannot read IP mode file for STMicroelectronics.X-CUBE-NFC7.1.0.1
2024-03-15 06:49:33,175 [WARN] PackLoader:240 - Cannot read IP mode file for STMicroelectronics.X-CUBE-EEPRMA1.4.1.0
2024-03-15 06:49:33,175 [WARN] PackLoader:240 - Cannot read IP mode file for STMicroelectronics.X-CUBE-AI.8.1.0
2024-03-15 06:49:33,253 [WARN] ConditionMgr:438 - getConditionDescription Invalid condition id : LAN8742 Phy interface Condition cause : null
2024-03-15 06:49:33,253 [WARN] PackLoader:240 - Cannot read IP mode file for STMicroelectronics.X-CUBE-AZRTOS-L4.2.0.0
2024-03-15 06:49:33,269 [WARN] ConditionMgr:1039 - genDependencies : Invalid condition id : LAN8742 Phy interface Condition cause : null
2024-03-15 06:49:33,269 [WARN] ConditionMgr:1039 - genDependencies : Invalid condition id : LAN8742 Phy interface Condition cause : null
2024-03-15 06:49:33,269 [WARN] ConditionMgr:1039 - genDependencies : Invalid condition id : LAN8742 Phy interface Condition cause : null
2024-03-15 06:49:33,300 [WARN] PackLoader:240 - Cannot read IP mode file for STMicroelectronics.X-CUBE-SFXS2LP1.4.0.0
2024-03-15 06:49:33,316 [WARN] PackLoader:240 - Cannot read IP mode file for STMicroelectronics.X-CUBE-ISPU.1.1.0
2024-03-15 06:49:33,378 [WARN] ConditionMgr:438 - getConditionDescription Invalid condition id : UX DEVICE CLASS RTOS Condition cause : null
2024-03-15 06:49:33,378 [WARN] ConditionMgr:438 - getConditionDescription Invalid condition id : UX DEVICE CLASS RTOS Condition cause : null
2024-03-15 06:49:33,397 [WARN] PackLoader:240 - Cannot read IP mode file for STMicroelectronics.X-CUBE-AZRTOS-WB.2.0.0
2024-03-15 06:49:33,397 [WARN] ConditionMgr:1039 - genDependencies : Invalid condition id : UX DEVICE CLASS RTOS Condition cause : null
2024-03-15 06:49:33,397 [WARN] ConditionMgr:1039 - genDependencies : Invalid condition id : UX DEVICE CLASS RTOS Condition cause : null
2024-03-15 06:49:33,397 [WARN] ConditionMgr:1039 - genDependencies : Invalid condition id : UX DEVICE CLASS RTOS Condition cause : null
2024-03-15 06:49:33,397 [WARN] ConditionMgr:1039 - genDependencies : Invalid condition id : UX DEVICE CLASS RTOS Condition cause : null
2024-03-15 06:49:33,397 [WARN] ConditionMgr:1039 - genDependencies : Invalid condition id : UX DEVICE CLASS RTOS Condition cause : null
2024-03-15 06:49:33,425 [WARN] PackLoader:240 - Cannot read IP mode file for STMicroelectronics.X-CUBE-FREERTOS.1.0.1
2024-03-15 06:49:33,475 [WARN] PackLoader:240 - Cannot read IP mode file for STMicroelectronics.X-CUBE-AZRTOS-L5.1.1.0
2024-03-15 06:49:33,504 [WARN] PackLoader:240 - Cannot read IP mode file for STMicroelectronics.X-CUBE-AI.8.0.1
2024-03-15 06:49:33,559 [WARN] PackLoader:240 - Cannot read IP mode file for STMicroelectronics.X-CUBE-SUBG2.5.0.0
2024-03-15 06:49:33,622 [WARN] PackLoader:240 - Cannot read IP mode file for STMicroelectronics.X-CUBE-TOF1.3.3.1
2024-03-15 06:49:33,741 [WARN] PackLoader:240 - Cannot read IP mode file for STMicroelectronics.X-CUBE-AZRTOS-G4.2.0.0
2024-03-15 06:49:33,791 [WARN] PackLoader:240 - Cannot read IP mode file for portGmbH.I-Cube-SoM-uGOAL.1.1.0
2024-03-15 06:49:33,807 [WARN] PackLoader:240 - Cannot read IP mode file for STMicroelectronics.X-CUBE-ALS.1.0.1
2024-03-15 06:49:33,871 [WARN] PackLoader:240 - Cannot read IP mode file for STMicroelectronics.X-CUBE-AZRTOS-WB.1.1.0
2024-03-15 06:49:33,887 [WARN] PackLoader:240 - Cannot read IP mode file for STMicroelectronics.FP-ATR-ASTRA1.2.0.0
2024-03-15 06:49:33,895 [INFO] ThirdParty:978 - Integrity check success = true
2024-03-15 06:49:33,895 [INFO] IntegrityCheckThread:100 - exiting critical section [integrity check]
2024-03-15 06:49:33,895 [INFO] IntegrityCheckThread:103 - End integrity checks thread
2024-03-15 06:49:34,730 [INFO] WebApp:753 - Register for checkConnection events
2024-03-15 06:49:34,730 [INFO] WebApp:390 - Apply proxy settings
2024-03-15 06:49:34,730 [INFO] WebApp:475 - Chromium requires no authentication
2024-03-15 06:49:34,766 [INFO] WebApp:418 - Direct internet connection detected
2024-03-15 06:49:35,439 [INFO] WebApp:188 - Starting web application
2024-03-15 06:49:35,439 [INFO] WebApp:520 - Web application path used C:\ST\STM32CubeIDE_1.13.0\STM32CubeIDE\plugins\com.st.stm32cube.common.mx_6.9.0.202307051724\db\plugins\mcufinder\reactClient1\index.html
2024-03-15 06:49:57,442 [ERROR] LogOutputStream:75 - [STDERR_REDIRECT] SLF4J: Failed to load class "org.slf4j.impl.StaticLoggerBinder".
2024-03-15 06:49:57,442 [ERROR] LogOutputStream:75 - [STDERR_REDIRECT] SLF4J: Defaulting to no-operation (NOP) logger implementation
2024-03-15 06:49:57,442 [ERROR] LogOutputStream:75 - [STDERR_REDIRECT] SLF4J: See http://www.slf4j.org/codes.html#StaticLoggerBinder for further details.
2024-03-15 07:37:10,537 [ERROR] LogOutputStream:75 - [STDERR_REDIRECT] 
2024-03-15 14:57:04,086 [INFO] Activator:176 - 


2024-03-15 14:57:04,092 [INFO] Activator:177 - !SESSION log4j initialized
2024-03-15 14:57:12,625 [INFO] LogOutputStream:77 - [STDOUT_REDIRECT] 
2024-03-15 14:57:14,085 [INFO] ApplicationProperties:184 - Using Application install path: C:\ST\STM32CubeIDE_1.13.0\STM32CubeIDE\plugins\com.st.stm32cube.common.mx_6.9.0.202307051724
2024-03-15 14:57:14,123 [INFO] DbMcusXml:78 - Set database path to: C:\ST\STM32CubeIDE_1.13.0\STM32CubeIDE\plugins\com.st.stm32cube.common.mx_6.9.0.202307051724\\db\/mcu/
2024-03-15 14:57:14,123 [INFO] ApiDb:274 - Set plugin database path to: C:\ST\STM32CubeIDE_1.13.0\STM32CubeIDE\plugins\com.st.stm32cube.common.mx_6.9.0.202307051724\\db\/plugins/boardmanager/
2024-03-15 14:57:14,125 [WARN] ApiDb:259 - Overriding images path with different value:  => C:\ST\STM32CubeIDE_1.13.0\STM32CubeIDE\plugins\com.st.stm32cube.common.mx_6.9.0.202307051724\\db\/plugins/mcufinder/images/
2024-03-15 14:57:14,151 [INFO] ApiDb:250 - Set database path to: C:\Users\basma wasfy\.stmcufinder\plugins\mcufinder//mcu/
2024-03-15 14:57:14,154 [INFO] DbMcusAds:125 - Set database path to: C:\Users\basma wasfy\.stmcufinder\plugins\mcufinder//mcu/
2024-03-15 14:57:14,159 [INFO] CrossReferenceDbSqlite:203 - Set database path to: C:\Users\basma wasfy\.stmcufinder\plugins\mcufinder//mcu/cs/
2024-03-15 14:57:14,396 [INFO] RulesReader:64 - Compatibility file has been processed (293 Rules)
2024-03-15 14:57:14,565 [INFO] DbMcusXml:78 - Set database path to: C:\ST\STM32CubeIDE_1.13.0\STM32CubeIDE\plugins\com.st.stm32cube.common.mx_6.9.0.202307051724\\db\/mcu/
2024-03-15 14:57:14,565 [INFO] ApiDb:274 - Set plugin database path to: C:\ST\STM32CubeIDE_1.13.0\STM32CubeIDE\plugins\com.st.stm32cube.common.mx_6.9.0.202307051724\\db\/plugins/boardmanager/
2024-03-15 14:57:14,565 [INFO] ApiDb:261 - Set plugin images path to: C:\ST\STM32CubeIDE_1.13.0\STM32CubeIDE\plugins\com.st.stm32cube.common.mx_6.9.0.202307051724\\db\/plugins/mcufinder/images/
2024-03-15 14:57:14,566 [WARN] DbFile:41 - Overriding database path with different value: C:\Users\basma wasfy\.stmcufinder\plugins\mcufinder/ => C:\Users\basma wasfy\.stmcufinder\plugins\mcufinder
2024-03-15 14:57:14,566 [INFO] ApiDb:250 - Set database path to: C:\Users\basma wasfy\.stmcufinder\plugins\mcufinder//mcu/
2024-03-15 14:57:14,566 [WARN] DbFile:41 - Overriding database path with different value: C:\Users\basma wasfy\.stmcufinder\plugins\mcufinder/ => C:\Users\basma wasfy\.stmcufinder\plugins\mcufinder
2024-03-15 14:57:14,566 [INFO] DbMcusAds:125 - Set database path to: C:\Users\basma wasfy\.stmcufinder\plugins\mcufinder//mcu/
2024-03-15 14:57:14,566 [WARN] DbFile:41 - Overriding database path with different value: C:\Users\basma wasfy\.stmcufinder\plugins\mcufinder/ => C:\Users\basma wasfy\.stmcufinder\plugins\mcufinder
2024-03-15 14:57:14,566 [WARN] DbFile:41 - Overriding database path with different value: C:\Users\basma wasfy\.stmcufinder\plugins\mcufinder/ => C:\Users\basma wasfy\.stmcufinder\plugins\mcufinder
2024-03-15 14:57:14,567 [INFO] CrossReferenceDbSqlite:203 - Set database path to: C:\Users\basma wasfy\.stmcufinder\plugins\mcufinder//mcu/cs/
2024-03-15 14:57:14,709 [INFO] MainPanel:262 - HeapMemory: 268435456
2024-03-15 14:57:14,864 [INFO] DbMcusXml:78 - Set database path to: C:\ST\STM32CubeIDE_1.13.0\STM32CubeIDE\plugins\com.st.stm32cube.common.mx_6.9.0.202307051724\\db\/mcu/
2024-03-15 14:57:14,864 [INFO] ApiDb:274 - Set plugin database path to: C:\ST\STM32CubeIDE_1.13.0\STM32CubeIDE\plugins\com.st.stm32cube.common.mx_6.9.0.202307051724\\db\/plugins/boardmanager/
2024-03-15 14:57:14,865 [INFO] ApiDb:261 - Set plugin images path to: C:\ST\STM32CubeIDE_1.13.0\STM32CubeIDE\plugins\com.st.stm32cube.common.mx_6.9.0.202307051724\\db\/plugins/mcufinder/images/
2024-03-15 14:57:14,866 [WARN] DbFile:41 - Overriding database path with different value: C:\Users\basma wasfy\.stmcufinder\plugins\mcufinder/ => C:\Users\basma wasfy\.stmcufinder\plugins\mcufinder
2024-03-15 14:57:14,866 [INFO] ApiDb:250 - Set database path to: C:\Users\basma wasfy\.stmcufinder\plugins\mcufinder//mcu/
2024-03-15 14:57:14,866 [WARN] DbFile:41 - Overriding database path with different value: C:\Users\basma wasfy\.stmcufinder\plugins\mcufinder/ => C:\Users\basma wasfy\.stmcufinder\plugins\mcufinder
2024-03-15 14:57:14,866 [INFO] DbMcusAds:125 - Set database path to: C:\Users\basma wasfy\.stmcufinder\plugins\mcufinder//mcu/
2024-03-15 14:57:14,866 [WARN] DbFile:41 - Overriding database path with different value: C:\Users\basma wasfy\.stmcufinder\plugins\mcufinder/ => C:\Users\basma wasfy\.stmcufinder\plugins\mcufinder
2024-03-15 14:57:14,867 [WARN] DbFile:41 - Overriding database path with different value: C:\Users\basma wasfy\.stmcufinder\plugins\mcufinder/ => C:\Users\basma wasfy\.stmcufinder\plugins\mcufinder
2024-03-15 14:57:14,867 [INFO] CrossReferenceDbSqlite:203 - Set database path to: C:\Users\basma wasfy\.stmcufinder\plugins\mcufinder//mcu/cs/
2024-03-15 14:57:14,898 [INFO] ApplicationProperties:184 - Using Application install path: C:\ST\STM32CubeIDE_1.13.0\STM32CubeIDE\plugins\com.st.stm32cube.common.mx_6.9.0.202307051724
2024-03-15 14:57:14,900 [INFO] PluginManage:196 - Search for loadable plugins [exclusion list=, ]
2024-03-15 14:57:14,903 [INFO] PluginManage:310 - Check plugin analytics
2024-03-15 14:57:15,230 [INFO] AnalyticsPlugin:253 - Accepted Software Licenses: 
2024-03-15 14:57:15,230 [INFO] AnalyticsPlugin:255 - Accepted CMSIS Pack Licenses: 
2024-03-15 14:57:15,230 [INFO] AnalyticsPlugin:257 - Accepted Firmware Licenses: 
2024-03-15 14:57:15,236 [INFO] PluginManage:359 - Loaded plugin analytics (category:tool,tabindex:-1)
2024-03-15 14:57:15,237 [INFO] PluginManage:310 - Check plugin cadmodel
2024-03-15 14:57:15,247 [INFO] CADModel:105 - Init CAD model plugin
2024-03-15 14:57:15,247 [INFO] PluginManage:359 - Loaded plugin cadmodel (category:power,tabindex:5)
2024-03-15 14:57:15,249 [INFO] PluginManage:310 - Check plugin clock
2024-03-15 14:57:15,274 [INFO] PluginManage:359 - Loaded plugin clock (category:base,tabindex:2)
2024-03-15 14:57:15,275 [INFO] PluginManage:310 - Check plugin ddr
2024-03-15 14:57:15,280 [INFO] PluginManage:359 - Loaded plugin ddr (category:tool,tabindex:6)
2024-03-15 14:57:15,281 [INFO] PluginManage:310 - Check plugin filemanager
2024-03-15 14:57:15,550 [INFO] PluginManage:359 - Loaded plugin filemanager (category:base,tabindex:10)
2024-03-15 14:57:15,550 [INFO] PluginManage:310 - Check plugin ipmanager
2024-03-15 14:57:15,565 [INFO] PluginManage:359 - Loaded plugin ipmanager (category:base,tabindex:5)
2024-03-15 14:57:15,566 [INFO] PluginManage:310 - Check plugin lpbam
2024-03-15 14:57:15,581 [INFO] PluginManage:359 - Loaded plugin lpbam (category:base,tabindex:0)
2024-03-15 14:57:15,581 [INFO] PluginManage:310 - Check plugin memorymap
2024-03-15 14:57:15,609 [INFO] PluginManage:359 - Loaded plugin memorymap (category:base,tabindex:4)
2024-03-15 14:57:15,609 [INFO] PluginManage:310 - Check plugin pinoutandconfiguration
2024-03-15 14:57:15,629 [INFO] PluginManage:359 - Loaded plugin pinoutandconfiguration (category:base,tabindex:1)
2024-03-15 14:57:15,630 [INFO] PluginManage:310 - Check plugin pinoutconfig
2024-03-15 14:57:15,805 [WARN] SupportedApi:132 - Cannot load RTOS API schema: s4s-elt-must-match.1: The content of 'definitions' must match (annotation?, (simpleType | complexType)?, (unique | key | keyref)*)). A problem was found starting at: attribute.
2024-03-15 14:57:16,052 [INFO] PluginManage:359 - Loaded plugin pinoutconfig (category:base,tabindex:0)
2024-03-15 14:57:16,052 [INFO] PluginManage:310 - Check plugin power
2024-03-15 14:57:16,069 [INFO] PluginManage:359 - Loaded plugin power (category:power,tabindex:4)
2024-03-15 14:57:16,069 [INFO] PluginManage:310 - Check plugin projectmanager
2024-03-15 14:57:16,098 [INFO] PluginManage:359 - Loaded plugin projectmanager (category:projectmanager,tabindex:3)
2024-03-15 14:57:16,098 [INFO] PluginManage:310 - Check plugin thirdparty
2024-03-15 14:57:16,307 [WARN] IntegrityCheckThread:84 - waiting for thirdparty lock release [integrity check]
2024-03-15 14:57:16,307 [INFO] PluginManage:359 - Loaded plugin thirdparty (category:base,tabindex:-1)
2024-03-15 14:57:16,307 [INFO] IntegrityCheckThread:86 - entering critical section [integrity check]
2024-03-15 14:57:16,308 [INFO] PluginManage:310 - Check plugin tools
2024-03-15 14:57:16,308 [INFO] ThirdPartyUpdaterWithRetryManager:70 - Updater plugin not ready yet. [1/15]
2024-03-15 14:57:16,312 [INFO] PluginManage:359 - Loaded plugin tools (category:base,tabindex:7)
2024-03-15 14:57:16,313 [INFO] PluginManage:310 - Check plugin tutovideos
2024-03-15 14:57:16,629 [INFO] PluginManage:359 - Loaded plugin tutovideos (category:base,tabindex:-1)
2024-03-15 14:57:16,629 [INFO] PluginManage:310 - Check plugin updater
2024-03-15 14:57:16,649 [INFO] PluginManage:359 - Loaded plugin updater (category:base,tabindex:12)
2024-03-15 14:57:16,649 [INFO] PluginManage:310 - Check plugin userauth
2024-03-15 14:57:16,659 [INFO] UserAuth:113 - Init User Auth plugin
2024-03-15 14:57:16,659 [INFO] PluginManage:359 - Loaded plugin userauth (category:base,tabindex:14)
2024-03-15 14:57:16,660 [INFO] PluginManage:283 - PluginManage : Loaded plugins [17]
2024-03-15 14:57:17,046 [INFO] PinOutPanel:1499 - setPackage(No Configuration,No Configuration)
2024-03-15 14:57:17,248 [INFO] CADModel:165 - CPN selected for project level
2024-03-15 14:57:17,248 [INFO] CADModel:114 - Register for checkConnection events
2024-03-15 14:57:17,275 [INFO] IPUIPlugin:80 - create IPUIPlugin
2024-03-15 14:57:17,275 [INFO] PluginManager:220 - loadIPPluginJar : add adc
2024-03-15 14:57:17,280 [INFO] IPUIPlugin:80 - create IPUIPlugin
2024-03-15 14:57:17,280 [INFO] PluginManager:220 - loadIPPluginJar : add aes
2024-03-15 14:57:17,285 [INFO] IPUIPlugin:80 - create IPUIPlugin
2024-03-15 14:57:17,285 [INFO] PluginManager:220 - loadIPPluginJar : add can
2024-03-15 14:57:17,288 [INFO] IPUIPlugin:80 - create IPUIPlugin
2024-03-15 14:57:17,288 [INFO] PluginManager:220 - loadIPPluginJar : add comp
2024-03-15 14:57:17,293 [INFO] IPUIPlugin:80 - create IPUIPlugin
2024-03-15 14:57:17,293 [INFO] PluginManager:220 - loadIPPluginJar : add cryp
2024-03-15 14:57:17,297 [INFO] IPUIPlugin:80 - create IPUIPlugin
2024-03-15 14:57:17,297 [INFO] PluginManager:220 - loadIPPluginJar : add dfsdm
2024-03-15 14:57:17,307 [INFO] IPUIPlugin:80 - create IPUIPlugin
2024-03-15 14:57:17,307 [INFO] PluginManager:220 - loadIPPluginJar : add dma
2024-03-15 14:57:17,312 [INFO] IPUIPlugin:80 - create IPUIPlugin
2024-03-15 14:57:17,312 [INFO] PluginManager:220 - loadIPPluginJar : add dma3
2024-03-15 14:57:17,315 [INFO] IPUIPlugin:80 - create IPUIPlugin
2024-03-15 14:57:17,315 [INFO] PluginManager:220 - loadIPPluginJar : add fatfs
2024-03-15 14:57:17,323 [INFO] IPUIPlugin:80 - create IPUIPlugin
2024-03-15 14:57:17,323 [INFO] PluginManager:220 - loadIPPluginJar : add fmc
2024-03-15 14:57:17,333 [INFO] IPUIPlugin:80 - create IPUIPlugin
2024-03-15 14:57:17,333 [INFO] PluginManager:220 - loadIPPluginJar : add freertos
2024-03-15 14:57:17,336 [INFO] IPUIPlugin:80 - create IPUIPlugin
2024-03-15 14:57:17,336 [INFO] PluginManager:220 - loadIPPluginJar : add genericplugin
2024-03-15 14:57:17,340 [INFO] IPUIPlugin:80 - create IPUIPlugin
2024-03-15 14:57:17,340 [INFO] PluginManager:220 - loadIPPluginJar : add gfxmmu
2024-03-15 14:57:17,348 [INFO] IPUIPlugin:80 - create IPUIPlugin
2024-03-15 14:57:17,348 [INFO] PluginManager:220 - loadIPPluginJar : add gic
2024-03-15 14:57:17,355 [INFO] IPUIPlugin:80 - create IPUIPlugin
2024-03-15 14:57:17,355 [INFO] PluginManager:220 - loadIPPluginJar : add gpio
2024-03-15 14:57:17,360 [INFO] IPUIPlugin:80 - create IPUIPlugin
2024-03-15 14:57:17,360 [INFO] PluginManager:220 - loadIPPluginJar : add gtzc
2024-03-15 14:57:17,367 [INFO] IPUIPlugin:80 - create IPUIPlugin
2024-03-15 14:57:17,367 [INFO] PluginManager:220 - loadIPPluginJar : add hash
2024-03-15 14:57:17,372 [INFO] IPUIPlugin:80 - create IPUIPlugin
2024-03-15 14:57:17,372 [INFO] PluginManager:220 - loadIPPluginJar : add i2c
2024-03-15 14:57:17,378 [INFO] IPUIPlugin:80 - create IPUIPlugin
2024-03-15 14:57:17,378 [INFO] PluginManager:220 - loadIPPluginJar : add i2s
2024-03-15 14:57:17,383 [INFO] IPUIPlugin:80 - create IPUIPlugin
2024-03-15 14:57:17,383 [INFO] PluginManager:220 - loadIPPluginJar : add i3c
2024-03-15 14:57:17,394 [INFO] IPUIPlugin:80 - create IPUIPlugin
2024-03-15 14:57:17,394 [INFO] PluginManager:220 - loadIPPluginJar : add ipddr
2024-03-15 14:57:17,406 [INFO] IPUIPlugin:80 - create IPUIPlugin
2024-03-15 14:57:17,406 [INFO] PluginManager:220 - loadIPPluginJar : add linkedlist
2024-03-15 14:57:17,411 [INFO] IPUIPlugin:80 - create IPUIPlugin
2024-03-15 14:57:17,411 [INFO] PluginManager:220 - loadIPPluginJar : add lorawan
2024-03-15 14:57:17,414 [INFO] IPUIPlugin:80 - create IPUIPlugin
2024-03-15 14:57:17,414 [INFO] PluginManager:220 - loadIPPluginJar : add ltdc
2024-03-15 14:57:17,423 [INFO] IPUIPlugin:80 - create IPUIPlugin
2024-03-15 14:57:17,424 [INFO] PluginManager:220 - loadIPPluginJar : add mdma
2024-03-15 14:57:17,430 [INFO] IPUIPlugin:80 - create IPUIPlugin
2024-03-15 14:57:17,430 [INFO] PluginManager:220 - loadIPPluginJar : add nvic
2024-03-15 14:57:17,435 [INFO] IPUIPlugin:80 - create IPUIPlugin
2024-03-15 14:57:17,435 [INFO] PluginManager:220 - loadIPPluginJar : add opamp
2024-03-15 14:57:17,440 [INFO] IPUIPlugin:80 - create IPUIPlugin
2024-03-15 14:57:17,441 [INFO] PluginManager:220 - loadIPPluginJar : add openamp
2024-03-15 14:57:17,445 [INFO] IPUIPlugin:80 - create IPUIPlugin
2024-03-15 14:57:17,446 [INFO] PluginManager:220 - loadIPPluginJar : add pdm2pcm
2024-03-15 14:57:17,456 [INFO] IPUIPlugin:80 - create IPUIPlugin
2024-03-15 14:57:17,459 [INFO] PluginManager:220 - loadIPPluginJar : add plateformsettings
2024-03-15 14:57:17,462 [INFO] IPUIPlugin:80 - create IPUIPlugin
2024-03-15 14:57:17,463 [INFO] PluginManager:220 - loadIPPluginJar : add quadspi
2024-03-15 14:57:17,469 [INFO] IPUIPlugin:80 - create IPUIPlugin
2024-03-15 14:57:17,469 [INFO] PluginManager:220 - loadIPPluginJar : add resmgrutility
2024-03-15 14:57:17,474 [INFO] IPUIPlugin:80 - create IPUIPlugin
2024-03-15 14:57:17,475 [INFO] PluginManager:220 - loadIPPluginJar : add sai
2024-03-15 14:57:17,479 [INFO] IPUIPlugin:80 - create IPUIPlugin
2024-03-15 14:57:17,479 [INFO] PluginManager:220 - loadIPPluginJar : add spi
2024-03-15 14:57:17,487 [INFO] IPUIPlugin:80 - create IPUIPlugin
2024-03-15 14:57:17,487 [INFO] PluginManager:220 - loadIPPluginJar : add stm32_wpan
2024-03-15 14:57:17,491 [INFO] IPUIPlugin:80 - create IPUIPlugin
2024-03-15 14:57:17,491 [INFO] PluginManager:220 - loadIPPluginJar : add tim
2024-03-15 14:57:17,497 [INFO] IPUIPlugin:80 - create IPUIPlugin
2024-03-15 14:57:17,497 [INFO] PluginManager:220 - loadIPPluginJar : add touchsensing
2024-03-15 14:57:17,501 [INFO] IPUIPlugin:80 - create IPUIPlugin
2024-03-15 14:57:17,502 [INFO] PluginManager:220 - loadIPPluginJar : add tracer_emb
2024-03-15 14:57:17,505 [INFO] IPUIPlugin:80 - create IPUIPlugin
2024-03-15 14:57:17,505 [INFO] PluginManager:220 - loadIPPluginJar : add ts
2024-03-15 14:57:17,508 [INFO] IPUIPlugin:80 - create IPUIPlugin
2024-03-15 14:57:17,508 [INFO] PluginManager:220 - loadIPPluginJar : add tsc
2024-03-15 14:57:17,513 [INFO] IPUIPlugin:80 - create IPUIPlugin
2024-03-15 14:57:17,513 [INFO] PluginManager:220 - loadIPPluginJar : add ucpd
2024-03-15 14:57:17,518 [INFO] IPUIPlugin:80 - create IPUIPlugin
2024-03-15 14:57:17,518 [INFO] PluginManager:220 - loadIPPluginJar : add usart
2024-03-15 14:57:17,524 [INFO] IPUIPlugin:80 - create IPUIPlugin
2024-03-15 14:57:17,524 [INFO] PluginManager:220 - loadIPPluginJar : add usbx
2024-03-15 14:57:17,699 [INFO] CADModel:165 - CPN selected for project level
2024-03-15 14:57:17,699 [INFO] CADModel:114 - Register for checkConnection events
2024-03-15 14:57:17,700 [FATAL] Updater:308 - Updater called before beeing initialized
2024-03-15 14:57:17,700 [ERROR] CADModel:125 - Updater not yet initialized, retry later 
2024-03-15 14:57:17,958 [INFO] CADModel:165 - CPN selected for project level
2024-03-15 14:57:17,958 [INFO] CADModel:114 - Register for checkConnection events
2024-03-15 14:57:17,959 [FATAL] Updater:308 - Updater called before beeing initialized
2024-03-15 14:57:17,959 [ERROR] CADModel:125 - Updater not yet initialized, retry later 
2024-03-15 14:57:17,964 [FATAL] Updater:308 - Updater called before beeing initialized
2024-03-15 14:57:18,147 [FATAL] Updater:308 - Updater called before beeing initialized
2024-03-15 14:57:18,162 [INFO] DbMcusAds:53 - JSON generation date=Wed Nov 29 12:52:27 EET 2023 (1701255147349)
2024-03-15 14:57:18,162 [FATAL] Updater:308 - Updater called before beeing initialized
2024-03-15 14:57:18,243 [WARN] DetailPanel:346 - Failed to get advertising image, set to default
2024-03-15 14:57:18,441 [FATAL] Updater:308 - Updater called before beeing initialized
2024-03-15 14:57:18,443 [FATAL] Updater:308 - Updater called before beeing initialized
2024-03-15 14:57:18,444 [FATAL] Updater:308 - Updater called before beeing initialized
2024-03-15 14:57:18,444 [WARN] DetailPanel:346 - Failed to get advertising image, set to default
2024-03-15 14:57:18,445 [FATAL] Updater:308 - Updater called before beeing initialized
2024-03-15 14:57:18,534 [ERROR] Updater:1120 - MainUpdater not yet initialized. External WinMGr cannot be set.
2024-03-15 14:57:18,538 [INFO] Updater:1056 - Updater Version found : 6.9.0
2024-03-15 14:57:18,568 [INFO] ApplicationProperties:184 - Using Application install path: C:\ST\STM32CubeIDE_1.13.0\STM32CubeIDE\plugins\com.st.stm32cube.common.mx_6.9.0.202307051724
2024-03-15 14:57:19,237 [INFO] MainUpdater:2868 - connection check result : 10
2024-03-15 14:57:19,239 [INFO] MainUpdater:285 - Updater Check For Update Now.
2024-03-15 14:57:19,239 [INFO] MicroXplorer:498 - Change Database Version : DB.6.0.90
2024-03-15 14:57:19,249 [INFO] McuFinderGlobals:63 - Set McuFinder mode to 2 (CubeIDE integrated)
2024-03-15 14:57:19,249 [INFO] UserAuth:179 - activating auth plugin
2024-03-15 14:57:19,253 [INFO] UserAuth:393 - Internet connection configuration mode: 1
2024-03-15 14:57:19,296 [INFO] JxBrowserEngine:151 - Initiate JxBrowser Engine with user profile folder
2024-03-15 14:57:19,310 [WARN] MainUpdater:1189 - Updater busy. Cannot search thirdparties
2024-03-15 14:57:19,310 [INFO] ThirdPartyUpdaterWithRetryManager:96 - Updater plugin is busy. [1/15]
2024-03-15 14:57:19,471 [INFO] CheckServerUpdateThread:120 - End of CheckServer Thread
2024-03-15 14:57:21,218 [INFO] WebApp:157 - Instantiating new browser for Auth
2024-03-15 14:57:22,234 [INFO] WebApp:753 - Register for checkConnection events
2024-03-15 14:57:22,235 [INFO] WebApp:390 - Apply proxy settings
2024-03-15 14:57:22,235 [INFO] WebApp:475 - Chromium requires no authentication
2024-03-15 14:57:22,250 [INFO] WebApp:418 - Direct internet connection detected
2024-03-15 14:57:22,673 [INFO] WebApp:188 - Starting web application
2024-03-15 14:57:22,673 [INFO] WebApp:520 - Web application path used C:\ST\STM32CubeIDE_1.13.0\STM32CubeIDE\plugins\com.st.stm32cube.common.mx_6.9.0.202307051724\db\plugins\mcufinder\reactClient1\index.html
2024-03-15 14:57:22,731 [WARN] PackLoader:240 - Cannot read IP mode file for STMicroelectronics.X-CUBE-SMBUS.2.1.0
2024-03-15 14:57:22,845 [WARN] PackLoader:240 - Cannot read IP mode file for STMicroelectronics.X-CUBE-AZRTOS-F7.1.1.0
2024-03-15 14:57:22,875 [WARN] PackLoader:240 - Cannot read IP mode file for STMicroelectronics.FP-SNS-MOTENV1.4.3.2
2024-03-15 14:57:22,904 [WARN] PackLoader:240 - Cannot read IP mode file for STMicroelectronics.X-CUBE-BLE1.6.2.4
2024-03-15 14:57:22,915 [WARN] PackLoader:240 - Cannot read IP mode file for STMicroelectronics.FP-SNS-FLIGHT1.5.0.2
2024-03-15 14:57:22,939 [WARN] PackLoader:240 - Cannot read IP mode file for STMicroelectronics.X-CUBE-DISPLAY.3.0.0
2024-03-15 14:57:22,960 [WARN] PackLoader:240 - Cannot read IP mode file for STMicroelectronics.X-CUBE-BLE1.7.0.0
2024-03-15 14:57:22,977 [WARN] PackLoader:240 - Cannot read IP mode file for emotas.I-CUBE-CANOPEN.1.3.0
2024-03-15 14:57:22,989 [WARN] PackLoader:240 - Cannot read IP mode file for STMicroelectronics.X-CUBE-TOUCHGFX.4.22.0
2024-03-15 14:57:23,000 [WARN] PackLoader:240 - Cannot read IP mode file for STMicroelectronics.FP-SNS-SMARTAG2.1.2.0
2024-03-15 14:57:23,030 [INFO] LogOutputStream:77 - [STDOUT_REDIRECT] 1 : Invalid condition id : UX_CORESTACK_Condition cause : null
2024-03-15 14:57:23,031 [INFO] LogOutputStream:77 - [STDOUT_REDIRECT] 1 : Invalid condition id : UX_CORESTACK_Condition cause : null
2024-03-15 14:57:23,034 [INFO] LogOutputStream:77 - [STDOUT_REDIRECT] 1 : Invalid condition id : UX_CORESTACK_Condition cause : null
2024-03-15 14:57:23,037 [INFO] LogOutputStream:77 - [STDOUT_REDIRECT] 1 : Invalid condition id : UX_CORESTACK_Condition cause : null
2024-03-15 14:57:23,042 [INFO] LogOutputStream:77 - [STDOUT_REDIRECT] 1 : Invalid condition id : UX_CORESTACK_Condition cause : null
2024-03-15 14:57:23,055 [WARN] PackLoader:240 - Cannot read IP mode file for STMicroelectronics.X-CUBE-AZRTOS-WL.2.0.0
2024-03-15 14:57:23,086 [WARN] PackLoader:240 - Cannot read IP mode file for WES.I-CUBE-Cesium.1.3.0
2024-03-15 14:57:23,100 [WARN] PackLoader:240 - Cannot read IP mode file for STMicroelectronics.X-CUBE-BLE2.3.3.0
2024-03-15 14:57:23,117 [WARN] PackLoader:240 - Cannot read IP mode file for STMicroelectronics.X-CUBE-ALGOBUILD.1.3.0
2024-03-15 14:57:23,204 [WARN] PackLoader:240 - Cannot read IP mode file for STMicroelectronics.X-CUBE-AZRTOS-G0.1.1.0
2024-03-15 14:57:23,227 [WARN] PackLoader:240 - Cannot read IP mode file for STMicroelectronics.X-CUBE-NFC4.3.0.0
2024-03-15 14:57:23,239 [WARN] PackLoader:240 - Cannot read IP mode file for STMicroelectronics.FP-ATR-SIGFOX1.3.2.0
2024-03-15 14:57:23,329 [WARN] PackLoader:240 - Cannot read IP mode file for SEGGER.I-CUBE-embOS.1.3.1
2024-03-15 14:57:23,437 [WARN] PackLoader:240 - Cannot read IP mode file for STMicroelectronics.X-CUBE-GNSS1.6.0.0
2024-03-15 14:57:23,471 [WARN] PackLoader:240 - Cannot read IP mode file for STMicroelectronics.X-CUBE-AZRTOS-F4.1.1.0
2024-03-15 14:57:23,488 [WARN] PackLoader:240 - Cannot read IP mode file for wolfSSL.I-CUBE-wolfSSL.5.6.3
2024-03-15 14:57:23,531 [WARN] PackLoader:240 - Cannot read IP mode file for STMicroelectronics.X-CUBE-AZRTOS-L5.2.0.0
2024-03-15 14:57:23,644 [WARN] PackLoader:240 - Cannot read IP mode file for STMicroelectronics.X-CUBE-MEMS1.9.6.0
2024-03-15 14:57:24,117 [WARN] PackLoader:240 - Cannot read IP mode file for ITTIA_DB.I-CUBE-ITTIADB.8.8.0
2024-03-15 14:57:24,137 [WARN] PackLoader:240 - Cannot read IP mode file for STMicroelectronics.X-CUBE-BLEMGR.2.0.0
2024-03-15 14:57:24,181 [WARN] ConditionMgr:438 - getConditionDescription Invalid condition id : UX DEVICE CLASS RTOS Condition cause : null
2024-03-15 14:57:24,182 [WARN] ConditionMgr:438 - getConditionDescription Invalid condition id : UX DEVICE CLASS RTOS Condition cause : null
2024-03-15 14:57:24,189 [WARN] PackLoader:240 - Cannot read IP mode file for STMicroelectronics.X-CUBE-AZRTOS-H7.3.1.0
2024-03-15 14:57:24,191 [WARN] ConditionMgr:1039 - genDependencies : Invalid condition id : UX DEVICE CLASS RTOS Condition cause : null
2024-03-15 14:57:24,191 [WARN] ConditionMgr:1039 - genDependencies : Invalid condition id : UX DEVICE CLASS RTOS Condition cause : null
2024-03-15 14:57:24,193 [WARN] ConditionMgr:1039 - genDependencies : Invalid condition id : UX DEVICE CLASS RTOS Condition cause : null
2024-03-15 14:57:24,194 [WARN] ConditionMgr:1039 - genDependencies : Invalid condition id : UX DEVICE CLASS RTOS Condition cause : null
2024-03-15 14:57:24,194 [WARN] ConditionMgr:1039 - genDependencies : Invalid condition id : UX DEVICE CLASS RTOS Condition cause : null
2024-03-15 14:57:24,206 [WARN] PackLoader:240 - Cannot read IP mode file for STMicroelectronics.X-CUBE-NFC7.1.0.1
2024-03-15 14:57:24,220 [WARN] PackLoader:240 - Cannot read IP mode file for STMicroelectronics.X-CUBE-EEPRMA1.4.1.0
2024-03-15 14:57:24,230 [WARN] PackLoader:240 - Cannot read IP mode file for STMicroelectronics.X-CUBE-AI.8.1.0
2024-03-15 14:57:24,264 [WARN] ConditionMgr:438 - getConditionDescription Invalid condition id : LAN8742 Phy interface Condition cause : null
2024-03-15 14:57:24,265 [WARN] PackLoader:240 - Cannot read IP mode file for STMicroelectronics.X-CUBE-AZRTOS-L4.2.0.0
2024-03-15 14:57:24,268 [WARN] ConditionMgr:1039 - genDependencies : Invalid condition id : LAN8742 Phy interface Condition cause : null
2024-03-15 14:57:24,269 [WARN] ConditionMgr:1039 - genDependencies : Invalid condition id : LAN8742 Phy interface Condition cause : null
2024-03-15 14:57:24,271 [WARN] ConditionMgr:1039 - genDependencies : Invalid condition id : LAN8742 Phy interface Condition cause : null
2024-03-15 14:57:24,289 [WARN] PackLoader:240 - Cannot read IP mode file for STMicroelectronics.X-CUBE-SFXS2LP1.4.0.0
2024-03-15 14:57:24,302 [WARN] PackLoader:240 - Cannot read IP mode file for STMicroelectronics.X-CUBE-ISPU.1.1.0
2024-03-15 14:57:24,332 [WARN] ConditionMgr:438 - getConditionDescription Invalid condition id : UX DEVICE CLASS RTOS Condition cause : null
2024-03-15 14:57:24,332 [WARN] ConditionMgr:438 - getConditionDescription Invalid condition id : UX DEVICE CLASS RTOS Condition cause : null
2024-03-15 14:57:24,335 [WARN] PackLoader:240 - Cannot read IP mode file for STMicroelectronics.X-CUBE-AZRTOS-WB.2.0.0
2024-03-15 14:57:24,336 [WARN] ConditionMgr:1039 - genDependencies : Invalid condition id : UX DEVICE CLASS RTOS Condition cause : null
2024-03-15 14:57:24,337 [WARN] ConditionMgr:1039 - genDependencies : Invalid condition id : UX DEVICE CLASS RTOS Condition cause : null
2024-03-15 14:57:24,338 [WARN] ConditionMgr:1039 - genDependencies : Invalid condition id : UX DEVICE CLASS RTOS Condition cause : null
2024-03-15 14:57:24,338 [WARN] ConditionMgr:1039 - genDependencies : Invalid condition id : UX DEVICE CLASS RTOS Condition cause : null
2024-03-15 14:57:24,338 [WARN] ConditionMgr:1039 - genDependencies : Invalid condition id : UX DEVICE CLASS RTOS Condition cause : null
2024-03-15 14:57:24,349 [WARN] PackLoader:240 - Cannot read IP mode file for STMicroelectronics.X-CUBE-FREERTOS.1.0.1
2024-03-15 14:57:24,386 [WARN] PackLoader:240 - Cannot read IP mode file for STMicroelectronics.X-CUBE-AZRTOS-L5.1.1.0
2024-03-15 14:57:24,398 [WARN] PackLoader:240 - Cannot read IP mode file for STMicroelectronics.X-CUBE-AI.8.0.1
2024-03-15 14:57:24,417 [WARN] PackLoader:240 - Cannot read IP mode file for STMicroelectronics.X-CUBE-SUBG2.5.0.0
2024-03-15 14:57:24,444 [WARN] PackLoader:240 - Cannot read IP mode file for STMicroelectronics.X-CUBE-TOF1.3.3.1
2024-03-15 14:57:24,485 [WARN] PackLoader:240 - Cannot read IP mode file for STMicroelectronics.X-CUBE-AZRTOS-G4.2.0.0
2024-03-15 14:57:24,500 [WARN] PackLoader:240 - Cannot read IP mode file for portGmbH.I-Cube-SoM-uGOAL.1.1.0
2024-03-15 14:57:24,507 [WARN] PackLoader:240 - Cannot read IP mode file for STMicroelectronics.X-CUBE-ALS.1.0.1
2024-03-15 14:57:24,533 [WARN] PackLoader:240 - Cannot read IP mode file for STMicroelectronics.X-CUBE-AZRTOS-WB.1.1.0
2024-03-15 14:57:24,543 [WARN] PackLoader:240 - Cannot read IP mode file for STMicroelectronics.FP-ATR-ASTRA1.2.0.0
2024-03-15 14:57:24,544 [INFO] ThirdParty:978 - Integrity check success = true
2024-03-15 14:57:24,545 [INFO] IntegrityCheckThread:100 - exiting critical section [integrity check]
2024-03-15 14:57:24,545 [INFO] IntegrityCheckThread:103 - End integrity checks thread
2024-03-15 14:57:43,972 [ERROR] LogOutputStream:75 - [STDERR_REDIRECT] SLF4J: Failed to load class "org.slf4j.impl.StaticLoggerBinder".
2024-03-15 14:57:43,973 [ERROR] LogOutputStream:75 - [STDERR_REDIRECT] SLF4J: Defaulting to no-operation (NOP) logger implementation
2024-03-15 14:57:43,975 [ERROR] LogOutputStream:75 - [STDERR_REDIRECT] SLF4J: See http://www.slf4j.org/codes.html#StaticLoggerBinder for further details.
2024-03-15 15:03:28,573 [ERROR] LogOutputStream:75 - [STDERR_REDIRECT] 
